<?xml version="1.0" encoding="UTF-8"?>
<!-- Generated by org.testng.reporters.JUnitReportReporter -->
<testsuite hostname="DESKTOP-PLMQM3A" failures="0" tests="3" name="com.orange.qa.testcases.tryParameter" time="0.009" errors="0" timestamp="2021-01-26T17:31:36 IST" skipped="0">
  <testcase classname="com.orange.qa.testcases.tryParameter" name="test1" time="0.007"/>
  <system-out/>
  <testcase classname="com.orange.qa.testcases.tryParameter" name="test2" time="0.001"/>
  <system-out/>
  <testcase classname="com.orange.qa.testcases.tryParameter" name="test3" time="0.001"/>
  <system-out/>
</testsuite> <!-- com.orange.qa.testcases.tryParameter -->
