<?xml version="1.0" encoding="UTF-8"?>
<!-- Generated by org.testng.reporters.JUnitReportReporter -->
<testsuite skipped="0" hostname="DESKTOP-PLMQM3A" name="com.orange.qa.testcases.MaintenancePageTest" tests="1" failures="0" timestamp="2020-02-09T17:49:33 IST" time="32.885" errors="0">
  <testcase name="checkMaintenancePage" time="32.885" classname="com.orange.qa.testcases.MaintenancePageTest"/>
</testsuite> <!-- com.orange.qa.testcases.MaintenancePageTest -->
