<?xml version="1.0" encoding="UTF-8"?>
<!-- Generated by org.testng.reporters.JUnitReportReporter -->
<testsuite skipped="0" hostname="DESKTOP-PLMQM3A" name="com.orange.qa.testcases.SuccessfullEmployeeLogin" tests="1" failures="0" timestamp="2019-12-25T19:00:27 IST" time="7.818" errors="0">
  <testcase name="verifyAdminPageLabel" time="7.818" classname="com.orange.qa.testcases.SuccessfullEmployeeLogin"/>
</testsuite> <!-- com.orange.qa.testcases.SuccessfullEmployeeLogin -->
