<?xml version="1.0" encoding="UTF-8"?>
<!-- Generated by org.testng.reporters.JUnitReportReporter -->
<testsuite skipped="0" hostname="DESKTOP-PLMQM3A" name="com.orange.qa.testcases.LoginPageTest" tests="3" failures="0" timestamp="2020-02-08T10:25:05 IST" time="59.475" errors="0">
  <testcase name="loginpageTitleTest" time="32.791" classname="com.orange.qa.testcases.LoginPageTest"/>
  <testcase name="hrmLogoImageTest" time="11.675" classname="com.orange.qa.testcases.LoginPageTest"/>
  <testcase name="loginTest" time="15.009" classname="com.orange.qa.testcases.LoginPageTest"/>
</testsuite> <!-- com.orange.qa.testcases.LoginPageTest -->
