<?xml version="1.0" encoding="UTF-8"?>
<!-- Generated by org.testng.reporters.JUnitReportReporter -->
<testsuite hostname="DESKTOP-PLMQM3A" name="com.orange.qa.testcases.AdminPageTest" tests="2" failures="0" timestamp="9 Feb 2021 06:17:29 GMT" time="33.380" errors="0">
  <testcase name="selectSingleUserTest" time="12.371" classname="com.orange.qa.testcases.AdminPageTest"/>
  <testcase name="verifyAdminPageLabel" time="21.009" classname="com.orange.qa.testcases.AdminPageTest"/>
</testsuite> <!-- com.orange.qa.testcases.AdminPageTest -->
